<?xml version="1.0" encoding="UTF-8"?>
<coverage generated="1629300797982" clover="3.2.0">
  <project timestamp="1629300797982" name="All files">
    <metrics statements="10" coveredstatements="10" conditionals="5" coveredconditionals="5" methods="5" coveredmethods="5" elements="20" coveredelements="20" complexity="0" loc="10" ncloc="10" packages="1" files="1" classes="1"/>
    <file name="sum.js" path="/home/pikss/dev/fpts/sum.js">
      <metrics statements="10" coveredstatements="10" conditionals="5" coveredconditionals="5" methods="5" coveredmethods="5"/>
      <line num="1" count="1" type="cond" truecount="1" falsecount="0"/>
      <line num="2" count="1" type="stmt"/>
      <line num="3" count="1" type="stmt"/>
      <line num="4" count="1" type="stmt"/>
      <line num="5" count="1" type="cond" truecount="1" falsecount="0"/>
      <line num="6" count="1" type="cond" truecount="1" falsecount="0"/>
      <line num="7" count="1" type="cond" truecount="1" falsecount="0"/>
      <line num="8" count="1" type="cond" truecount="1" falsecount="0"/>
      <line num="9" count="1" type="stmt"/>
      <line num="10" count="1" type="stmt"/>
    </file>
  </project>
</coverage>
